12-02-2023 18:38 Пользователь Masyaka 212183622 написал: /start
12-02-2023 18:38 Пользователь Masyaka 212183622 написал: /set 80
12-02-2023 18:38 Пользователь Masyaka 212183622 написал: 28
12-02-2023 18:38 Пользователь Masyaka 212183622 написал: 20
12-02-2023 18:38 Пользователь Masyaka 212183622 написал: 9
12-02-2023 18:38 Пользователь Masyaka 212183622 написал: /difficult
12-02-2023 18:38 Пользователь Masyaka 212183622 написал: 28
12-02-2023 18:38 Пользователь Masyaka 212183622 написал: 30
12-02-2023 18:39 Пользователь Masyaka 212183622 написал: 28
12-02-2023 18:39 Пользователь Masyaka 212183622 написал: 28
12-02-2023 18:39 Пользователь Masyaka 212183622 написал: 7
12-02-2023 18:39 Пользователь Masyaka 212183622 написал: 28
12-02-2023 18:39 Пользователь Masyaka 212183622 написал: 20
12-02-2023 18:39 Пользователь Masyaka 212183622 написал: 20
12-02-2023 18:39 Пользователь Masyaka 212183622 написал: /start
12-02-2023 18:39 Пользователь Masyaka 212183622 написал: 28
12-02-2023 18:39 Пользователь Masyaka 212183622 написал: 28
12-02-2023 18:39 Пользователь Masyaka 212183622 написал: 28
12-02-2023 18:39 Пользователь Masyaka 212183622 написал: 28
12-02-2023 18:39 Пользователь Masyaka 212183622 написал: 28
12-02-2023 18:39 Пользователь Masyaka 212183622 написал: 28
12-02-2023 18:39 Пользователь Masyaka 212183622 написал: 28
12-02-2023 18:39 Пользователь Masyaka 212183622 написал: 28
12-02-2023 18:39 Пользователь Masyaka 212183622 написал: 28
12-02-2023 18:39 Пользователь Masyaka 212183622 написал: 28
12-02-2023 18:39 Пользователь Masyaka 212183622 написал: 28
12-02-2023 18:39 Пользователь Masyaka 212183622 написал: 28
12-02-2023 18:40 Пользователь Masyaka 212183622 написал: 10
12-02-2023 18:47 Пользователь Masyaka 212183622 написал: ghg
